getBookmarks SELECT id, snap_state FROM `bookmarks`
getSnapByTimer...........
getFaviconByTimer...........
getHotBookmarks........... 2017-08-24 10:09:35
{ Error: ENOENT: no such file or directory, mkdir './public/images/favicon'
    at Error (native)
  errno: -2,
  code: 'ENOENT',
  syscall: 'mkdir',
  path: './public/images/favicon' }
{ Error: ENOENT: no such file or directory, mkdir './public/images/snap'
    at Error (native)
  errno: -2,
  code: 'ENOENT',
  syscall: 'mkdir',
  path: './public/images/snap' }
updateBookmarkSnapState id = 2, snapState = 0
updateBookmarkSnapState id = 3, snapState = 0
updateBookmarkSnapState id = 4, snapState = 0
updateBookmarkSnapState id = 5, snapState = 0
updateBookmarkSnapState id = 6, snapState = 0
updateBookmarkSnapState id = 7, snapState = 0
updateBookmarkSnapState id = 8, snapState = 0
updateBookmarkSnapState id = 9, snapState = 0
updateBookmarkSnapState id = 10, snapState = 0
updateBookmarkSnapState id = 11, snapState = 0
updateBookmarkSnapState id = 12, snapState = 0
updateBookmarkSnapState id = 14, snapState = 0
updateBookmarkSnapState id = 15, snapState = 0
updateBookmarkSnapState id = 16, snapState = 0
updateBookmarkSnapState id = 18, snapState = 0
updateBookmarkSnapState id = 19, snapState = 0
updateBookmarkSnapState id = 20, snapState = 0
updateBookmarkSnapState id = 21, snapState = 0
updateBookmarkSnapState id = 22, snapState = 0
updateBookmarkSnapState id = 23, snapState = 0
updateBookmarkSnapState id = 24, snapState = 0
updateBookmarkSnapState id = 25, snapState = 0
updateBookmarkSnapState id = 26, snapState = 0
updateBookmarkSnapState id = 27, snapState = 0
updateBookmarkSnapState id = 29, snapState = 0
updateBookmarkSnapState id = 30, snapState = 0
updateBookmarkSnapState id = 31, snapState = 0
updateBookmarkSnapState id = 32, snapState = 0
updateBookmarkSnapState id = 33, snapState = 0
updateBookmarkSnapState id = 34, snapState = 0
updateBookmarkSnapState id = 35, snapState = 0
updateBookmarkSnapState id = 36, snapState = 0
updateBookmarkSnapState id = 37, snapState = 0
updateBookmarkSnapState id = 38, snapState = 0
updateBookmarkSnapState id = 39, snapState = 0
updateBookmarkSnapState id = 41, snapState = 0
updateBookmarkSnapState id = 42, snapState = 0
updateBookmarkSnapState id = 43, snapState = 0
updateBookmarkSnapState id = 44, snapState = 0
updateBookmarkSnapState id = 45, snapState = 0
updateBookmarkSnapState id = 46, snapState = 0
updateBookmarkSnapState id = 47, snapState = 0
updateBookmarkSnapState id = 48, snapState = 0
updateBookmarkSnapState id = 49, snapState = 0
updateBookmarkSnapState id = 50, snapState = 0
updateBookmarkSnapState id = 51, snapState = 0
updateBookmarkSnapState id = 53, snapState = 0
updateBookmarkSnapState id = 54, snapState = 0
updateBookmarkSnapState id = 55, snapState = 0
updateBookmarkSnapState id = 56, snapState = 0
updateBookmarkSnapState id = 57, snapState = 0
updateBookmarkSnapState id = 58, snapState = 0
updateBookmarkSnapState id = 59, snapState = 0
updateBookmarkSnapState id = 60, snapState = 0
updateBookmarkSnapState id = 61, snapState = 0
updateBookmarkSnapState id = 62, snapState = 0
updateBookmarkSnapState id = 63, snapState = 0
updateBookmarkSnapState id = 64, snapState = 0
updateBookmarkSnapState id = 65, snapState = 0
updateBookmarkSnapState id = 66, snapState = 0
updateBookmarkSnapState id = 67, snapState = 0
updateBookmarkSnapState id = 68, snapState = 0
updateBookmarkSnapState id = 69, snapState = 0
updateBookmarkSnapState id = 70, snapState = 0
updateBookmarkSnapState id = 71, snapState = 0
updateBookmarkSnapState id = 72, snapState = 0
updateBookmarkSnapState id = 73, snapState = 0
updateBookmarkSnapState id = 74, snapState = 0
updateBookmarkSnapState id = 75, snapState = 0
updateBookmarkSnapState id = 76, snapState = 0
updateBookmarkSnapState id = 77, snapState = 0
updateBookmarkSnapState id = 79, snapState = 0
updateBookmarkSnapState id = 80, snapState = 0
updateBookmarkSnapState id = 81, snapState = 0
updateBookmarkSnapState id = 82, snapState = 0
updateBookmarkSnapState id = 83, snapState = 0
updateBookmarkSnapState id = 84, snapState = 0
updateBookmarkSnapState id = 85, snapState = 0
updateBookmarkSnapState id = 86, snapState = 0
updateBookmarkSnapState id = 87, snapState = 0
updateBookmarkSnapState id = 88, snapState = 0
updateBookmarkSnapState id = 89, snapState = 0
updateBookmarkSnapState id = 90, snapState = 0
updateBookmarkSnapState id = 93, snapState = 0
updateBookmarkSnapState id = 95, snapState = 0
updateBookmarkSnapState id = 96, snapState = 0
updateBookmarkSnapState id = 97, snapState = 0
updateBookmarkSnapState id = 98, snapState = 0
updateBookmarkSnapState id = 99, snapState = 0
updateBookmarkSnapState id = 102, snapState = 0
updateBookmarkSnapState id = 105, snapState = 0
updateBookmarkSnapState id = 107, snapState = 0
updateBookmarkSnapState id = 108, snapState = 0
updateBookmarkSnapState id = 109, snapState = 0
updateBookmarkSnapState id = 114, snapState = 0
updateBookmarkSnapState id = 115, snapState = 0
updateBookmarkSnapState id = 116, snapState = 0
updateBookmarkSnapState id = 117, snapState = 0
updateBookmarkSnapState id = 119, snapState = 0
updateBookmarkSnapState id = 120, snapState = 0
updateBookmarkSnapState id = 122, snapState = 0
updateBookmarkSnapState id = 123, snapState = 0
updateBookmarkSnapState id = 124, snapState = 0
updateBookmarkSnapState id = 125, snapState = 0
updateBookmarkSnapState id = 126, snapState = 0
updateBookmarkSnapState id = 127, snapState = 0
updateBookmarkSnapState id = 128, snapState = 0
updateBookmarkSnapState id = 129, snapState = 0
updateBookmarkSnapState id = 130, snapState = 0
updateBookmarkSnapState id = 131, snapState = 0
updateBookmarkSnapState id = 132, snapState = 0
updateBookmarkSnapState id = 133, snapState = 0
updateBookmarkSnapState id = 134, snapState = 0
updateBookmarkSnapState id = 135, snapState = 0
updateBookmarkSnapState id = 136, snapState = 0
updateBookmarkSnapState id = 137, snapState = 0
updateBookmarkSnapState id = 138, snapState = 0
updateBookmarkSnapState id = 139, snapState = 0
updateBookmarkSnapState id = 140, snapState = 0
updateBookmarkSnapState id = 141, snapState = 0
updateBookmarkSnapState id = 142, snapState = 0
updateBookmarkSnapState id = 143, snapState = 0
updateBookmarkSnapState id = 144, snapState = 0
updateBookmarkSnapState id = 145, snapState = 0
updateBookmarkSnapState id = 146, snapState = 0
updateBookmarkSnapState id = 147, snapState = 0
updateBookmarkSnapState id = 148, snapState = 0
updateBookmarkSnapState id = 150, snapState = 0
updateBookmarkSnapState id = 151, snapState = 0
updateBookmarkSnapState id = 153, snapState = 0
updateBookmarkSnapState id = 154, snapState = 0
updateBookmarkSnapState id = 155, snapState = 0
updateBookmarkSnapState id = 156, snapState = 0
updateBookmarkSnapState id = 157, snapState = 0
updateBookmarkSnapState id = 158, snapState = 0
updateBookmarkSnapState id = 159, snapState = 0
updateBookmarkSnapState id = 165, snapState = 0
updateBookmarkSnapState id = 167, snapState = 0
updateBookmarkSnapState id = 168, snapState = 0
updateBookmarkSnapState id = 170, snapState = 0
updateBookmarkSnapState id = 171, snapState = 0
updateBookmarkSnapState id = 172, snapState = 0
updateBookmarkSnapState id = 173, snapState = 0
updateBookmarkSnapState id = 174, snapState = 0
updateBookmarkSnapState id = 175, snapState = 0
updateBookmarkSnapState id = 177, snapState = 0
updateBookmarkSnapState id = 178, snapState = 0
updateBookmarkSnapState id = 179, snapState = 0
updateBookmarkSnapState id = 180, snapState = 0
updateBookmarkSnapState id = 181, snapState = 0
updateBookmarkSnapState id = 182, snapState = 0
updateBookmarkSnapState id = 183, snapState = 0
updateBookmarkSnapState id = 184, snapState = 0
updateBookmarkSnapState id = 186, snapState = 0
updateBookmarkSnapState id = 187, snapState = 0
updateBookmarkSnapState id = 188, snapState = 0
updateBookmarkSnapState id = 189, snapState = 0
updateBookmarkSnapState id = 190, snapState = 0
updateBookmarkSnapState id = 191, snapState = 0
updateBookmarkSnapState id = 194, snapState = 0
updateBookmarkSnapState id = 195, snapState = 0
updateBookmarkSnapState id = 196, snapState = 0
updateBookmarkSnapState id = 197, snapState = 0
updateBookmarkSnapState id = 198, snapState = 0
updateBookmarkSnapState id = 199, snapState = 0
updateBookmarkSnapState id = 200, snapState = 0
updateBookmarkSnapState id = 202, snapState = 0
updateBookmarkSnapState id = 203, snapState = 0
updateBookmarkSnapState id = 204, snapState = 0
updateBookmarkSnapState id = 205, snapState = 0
updateBookmarkSnapState id = 206, snapState = 0
updateBookmarkSnapState id = 207, snapState = 0
updateBookmarkSnapState id = 208, snapState = 0
updateBookmarkSnapState id = 209, snapState = 0
updateBookmarkSnapState id = 212, snapState = 0
updateBookmarkSnapState id = 213, snapState = 0
updateBookmarkSnapState id = 215, snapState = 0
updateBookmarkSnapState id = 218, snapState = 0
updateBookmarkSnapState id = 219, snapState = 0
updateBookmarkSnapState id = 220, snapState = 0
updateBookmarkSnapState id = 221, snapState = 0
updateBookmarkSnapState id = 222, snapState = 0
updateBookmarkSnapState id = 224, snapState = 0
updateBookmarkSnapState id = 225, snapState = 0
updateBookmarkSnapState id = 227, snapState = 0
updateBookmarkSnapState id = 228, snapState = 0
updateBookmarkSnapState id = 229, snapState = 0
updateBookmarkSnapState id = 230, snapState = 0
updateBookmarkSnapState id = 231, snapState = 0
updateBookmarkSnapState id = 232, snapState = 0
updateBookmarkSnapState id = 233, snapState = 0
updateBookmarkSnapState id = 234, snapState = 0
updateBookmarkSnapState id = 235, snapState = 0
updateBookmarkSnapState id = 236, snapState = 0
updateBookmarkSnapState id = 237, snapState = 0
updateBookmarkSnapState id = 238, snapState = 0
updateBookmarkSnapState id = 239, snapState = 0
updateBookmarkSnapState id = 240, snapState = 0
updateBookmarkSnapState id = 241, snapState = 0
updateBookmarkSnapState id = 242, snapState = 0
updateBookmarkSnapState id = 243, snapState = 0
updateBookmarkSnapState id = 243, snapState = -1
updateBookmarkSnapState id = 242, snapState = -1
updateBookmarkSnapState id = 241, snapState = -1
updateBookmarkSnapState id = 240, snapState = -1
updateBookmarkSnapState id = 239, snapState = -1
updateBookmarkSnapState id = 238, snapState = -1
updateBookmarkSnapState id = 237, snapState = -1
updateBookmarkSnapState id = 236, snapState = -1
updateBookmarkSnapState id = 235, snapState = -1
updateBookmarkSnapState id = 234, snapState = -1
updateBookmarkSnapState id = 233, snapState = -1
updateBookmarkSnapState id = 232, snapState = -1
boomarkid = 231, url = http://ceph.com/planet/ceph-recover%E7%9A%84%E9%80%9F%E5%BA%A6%E6%8E%A7%E5%88%B6/, webshot over
updateBookmarkSnapState id = 231, snapState = 1
boomarkid = 231, url = http://ceph.com/planet/ceph-recover%E7%9A%84%E9%80%9F%E5%BA%A6%E6%8E%A7%E5%88%B6/, webshot over
updateBookmarkSnapState id = 231, snapState = 2
error: Forever detected script was killed by signal: SIGKILL
